[2023-01-25 09:53:53] production.ERROR: SQLSTATE[42S02]: Base table or view not found: 1146 Table 'ghostrid_eclass.settings2' doesn't exist (SQL: select * from `settings` left join `settings2` on `settings2`.`settings2_id` = `settings`.`settings_id` where `settings_id` = 1 limit 1) {"exception":"[object] (Illuminate\\Database\\QueryException(code: 42S02): SQLSTATE[42S02]: Base table or view not found: 1146 Table 'ghostrid_eclass.settings2' doesn't exist (SQL: select * from `settings` left join `settings2` on `settings2`.`settings2_id` = `settings`.`settings_id` where `settings_id` = 1 limit 1) at /home/ghostrid/app.ghostriderrr.xyz/application/vendor/laravel/framework/src/Illuminate/Database/Connection.php:712)
[stacktrace]
#0 /home/ghostrid/app.ghostriderrr.xyz/application/vendor/laravel/framework/src/Illuminate/Database/Connection.php(672): Illuminate\\Database\\Connection->runQueryCallback('select * from `...', Array, Object(Closure))
#1 /home/ghostrid/app.ghostriderrr.xyz/application/vendor/laravel/framework/src/Illuminate/Database/Connection.php(376): Illuminate\\Database\\Connection->run('select * from `...', Array, Object(Closure))
#2 /home/ghostrid/app.ghostriderrr.xyz/application/vendor/laravel/framework/src/Illuminate/Database/Query/Builder.php(2414): Illuminate\\Database\\Connection->select('select * from `...', Array, true)
#3 /home/ghostrid/app.ghostriderrr.xyz/application/vendor/laravel/framework/src/Illuminate/Database/Query/Builder.php(2402): Illuminate\\Database\\Query\\Builder->runSelect()
#4 /home/ghostrid/app.ghostriderrr.xyz/application/vendor/laravel/framework/src/Illuminate/Database/Query/Builder.php(2936): Illuminate\\Database\\Query\\Builder->Illuminate\\Database\\Query\\{closure}()
#5 /home/ghostrid/app.ghostriderrr.xyz/application/vendor/laravel/framework/src/Illuminate/Database/Query/Builder.php(2403): Illuminate\\Database\\Query\\Builder->onceWithColumns(Array, Object(Closure))
#6 /home/ghostrid/app.ghostriderrr.xyz/application/vendor/laravel/framework/src/Illuminate/Database/Eloquent/Builder.php(625): Illuminate\\Database\\Query\\Builder->get(Array)
#7 /home/ghostrid/app.ghostriderrr.xyz/application/vendor/laravel/framework/src/Illuminate/Database/Eloquent/Builder.php(609): Illuminate\\Database\\Eloquent\\Builder->getModels(Array)
#8 /home/ghostrid/app.ghostriderrr.xyz/application/vendor/laravel/framework/src/Illuminate/Database/Concerns/BuildsQueries.php(294): Illuminate\\Database\\Eloquent\\Builder->get(Array)
#9 /home/ghostrid/app.ghostriderrr.xyz/application/app/Providers/ConfigSystemServiceProvider.php(30): Illuminate\\Database\\Eloquent\\Builder->first()
#10 /home/ghostrid/app.ghostriderrr.xyz/application/vendor/laravel/framework/src/Illuminate/Container/BoundMethod.php(36): App\\Providers\\ConfigSystemServiceProvider->boot()
#11 /home/ghostrid/app.ghostriderrr.xyz/application/vendor/laravel/framework/src/Illuminate/Container/Util.php(40): Illuminate\\Container\\BoundMethod::Illuminate\\Container\\{closure}()
#12 /home/ghostrid/app.ghostriderrr.xyz/application/vendor/laravel/framework/src/Illuminate/Container/BoundMethod.php(93): Illuminate\\Container\\Util::unwrapIfClosure(Object(Closure))
#13 /home/ghostrid/app.ghostriderrr.xyz/application/vendor/laravel/framework/src/Illuminate/Container/BoundMethod.php(37): Illuminate\\Container\\BoundMethod::callBoundMethod(Object(Illuminate\\Foundation\\Application), Array, Object(Closure))
#14 /home/ghostrid/app.ghostriderrr.xyz/application/vendor/laravel/framework/src/Illuminate/Container/Container.php(653): Illuminate\\Container\\BoundMethod::call(Object(Illuminate\\Foundation\\Application), Array, Array, NULL)
#15 /home/ghostrid/app.ghostriderrr.xyz/application/vendor/laravel/framework/src/Illuminate/Foundation/Application.php(924): Illuminate\\Container\\Container->call(Array)
#16 /home/ghostrid/app.ghostriderrr.xyz/application/vendor/laravel/framework/src/Illuminate/Foundation/Application.php(905): Illuminate\\Foundation\\Application->bootProvider(Object(App\\Providers\\ConfigSystemServiceProvider))
#17 [internal function]: Illuminate\\Foundation\\Application->Illuminate\\Foundation\\{closure}(Object(App\\Providers\\ConfigSystemServiceProvider), 32)
#18 /home/ghostrid/app.ghostriderrr.xyz/application/vendor/laravel/framework/src/Illuminate/Foundation/Application.php(906): array_walk(Array, Object(Closure))
#19 /home/ghostrid/app.ghostriderrr.xyz/application/vendor/laravel/framework/src/Illuminate/Foundation/Bootstrap/BootProviders.php(17): Illuminate\\Foundation\\Application->boot()
#20 /home/ghostrid/app.ghostriderrr.xyz/application/vendor/laravel/framework/src/Illuminate/Foundation/Application.php(237): Illuminate\\Foundation\\Bootstrap\\BootProviders->bootstrap(Object(Illuminate\\Foundation\\Application))
#21 /home/ghostrid/app.ghostriderrr.xyz/application/vendor/laravel/framework/src/Illuminate/Foundation/Http/Kernel.php(153): Illuminate\\Foundation\\Application->bootstrapWith(Array)
#22 /home/ghostrid/app.ghostriderrr.xyz/application/vendor/laravel/framework/src/Illuminate/Foundation/Http/Kernel.php(137): Illuminate\\Foundation\\Http\\Kernel->bootstrap()
#23 /home/ghostrid/app.ghostriderrr.xyz/application/vendor/laravel/framework/src/Illuminate/Foundation/Http/Kernel.php(111): Illuminate\\Foundation\\Http\\Kernel->sendRequestThroughRouter(Object(Illuminate\\Http\\Request))
#24 /home/ghostrid/app.ghostriderrr.xyz/index.php(92): Illuminate\\Foundation\\Http\\Kernel->handle(Object(Illuminate\\Http\\Request))
#25 {main}

[previous exception] [object] (PDOException(code: 42S02): SQLSTATE[42S02]: Base table or view not found: 1146 Table 'ghostrid_eclass.settings2' doesn't exist at /home/ghostrid/app.ghostriderrr.xyz/application/vendor/laravel/framework/src/Illuminate/Database/Connection.php:368)
[stacktrace]
#0 /home/ghostrid/app.ghostriderrr.xyz/application/vendor/laravel/framework/src/Illuminate/Database/Connection.php(368): PDO->prepare('select * from `...')
#1 /home/ghostrid/app.ghostriderrr.xyz/application/vendor/laravel/framework/src/Illuminate/Database/Connection.php(705): Illuminate\\Database\\Connection->Illuminate\\Database\\{closure}('select * from `...', Array)
#2 /home/ghostrid/app.ghostriderrr.xyz/application/vendor/laravel/framework/src/Illuminate/Database/Connection.php(672): Illuminate\\Database\\Connection->runQueryCallback('select * from `...', Array, Object(Closure))
#3 /home/ghostrid/app.ghostriderrr.xyz/application/vendor/laravel/framework/src/Illuminate/Database/Connection.php(376): Illuminate\\Database\\Connection->run('select * from `...', Array, Object(Closure))
#4 /home/ghostrid/app.ghostriderrr.xyz/application/vendor/laravel/framework/src/Illuminate/Database/Query/Builder.php(2414): Illuminate\\Database\\Connection->select('select * from `...', Array, true)
#5 /home/ghostrid/app.ghostriderrr.xyz/application/vendor/laravel/framework/src/Illuminate/Database/Query/Builder.php(2402): Illuminate\\Database\\Query\\Builder->runSelect()
#6 /home/ghostrid/app.ghostriderrr.xyz/application/vendor/laravel/framework/src/Illuminate/Database/Query/Builder.php(2936): Illuminate\\Database\\Query\\Builder->Illuminate\\Database\\Query\\{closure}()
#7 /home/ghostrid/app.ghostriderrr.xyz/application/vendor/laravel/framework/src/Illuminate/Database/Query/Builder.php(2403): Illuminate\\Database\\Query\\Builder->onceWithColumns(Array, Object(Closure))
#8 /home/ghostrid/app.ghostriderrr.xyz/application/vendor/laravel/framework/src/Illuminate/Database/Eloquent/Builder.php(625): Illuminate\\Database\\Query\\Builder->get(Array)
#9 /home/ghostrid/app.ghostriderrr.xyz/application/vendor/laravel/framework/src/Illuminate/Database/Eloquent/Builder.php(609): Illuminate\\Database\\Eloquent\\Builder->getModels(Array)
#10 /home/ghostrid/app.ghostriderrr.xyz/application/vendor/laravel/framework/src/Illuminate/Database/Concerns/BuildsQueries.php(294): Illuminate\\Database\\Eloquent\\Builder->get(Array)
#11 /home/ghostrid/app.ghostriderrr.xyz/application/app/Providers/ConfigSystemServiceProvider.php(30): Illuminate\\Database\\Eloquent\\Builder->first()
#12 /home/ghostrid/app.ghostriderrr.xyz/application/vendor/laravel/framework/src/Illuminate/Container/BoundMethod.php(36): App\\Providers\\ConfigSystemServiceProvider->boot()
#13 /home/ghostrid/app.ghostriderrr.xyz/application/vendor/laravel/framework/src/Illuminate/Container/Util.php(40): Illuminate\\Container\\BoundMethod::Illuminate\\Container\\{closure}()
#14 /home/ghostrid/app.ghostriderrr.xyz/application/vendor/laravel/framework/src/Illuminate/Container/BoundMethod.php(93): Illuminate\\Container\\Util::unwrapIfClosure(Object(Closure))
#15 /home/ghostrid/app.ghostriderrr.xyz/application/vendor/laravel/framework/src/Illuminate/Container/BoundMethod.php(37): Illuminate\\Container\\BoundMethod::callBoundMethod(Object(Illuminate\\Foundation\\Application), Array, Object(Closure))
#16 /home/ghostrid/app.ghostriderrr.xyz/application/vendor/laravel/framework/src/Illuminate/Container/Container.php(653): Illuminate\\Container\\BoundMethod::call(Object(Illuminate\\Foundation\\Application), Array, Array, NULL)
#17 /home/ghostrid/app.ghostriderrr.xyz/application/vendor/laravel/framework/src/Illuminate/Foundation/Application.php(924): Illuminate\\Container\\Container->call(Array)
#18 /home/ghostrid/app.ghostriderrr.xyz/application/vendor/laravel/framework/src/Illuminate/Foundation/Application.php(905): Illuminate\\Foundation\\Application->bootProvider(Object(App\\Providers\\ConfigSystemServiceProvider))
#19 [internal function]: Illuminate\\Foundation\\Application->Illuminate\\Foundation\\{closure}(Object(App\\Providers\\ConfigSystemServiceProvider), 32)
#20 /home/ghostrid/app.ghostriderrr.xyz/application/vendor/laravel/framework/src/Illuminate/Foundation/Application.php(906): array_walk(Array, Object(Closure))
#21 /home/ghostrid/app.ghostriderrr.xyz/application/vendor/laravel/framework/src/Illuminate/Foundation/Bootstrap/BootProviders.php(17): Illuminate\\Foundation\\Application->boot()
#22 /home/ghostrid/app.ghostriderrr.xyz/application/vendor/laravel/framework/src/Illuminate/Foundation/Application.php(237): Illuminate\\Foundation\\Bootstrap\\BootProviders->bootstrap(Object(Illuminate\\Foundation\\Application))
#23 /home/ghostrid/app.ghostriderrr.xyz/application/vendor/laravel/framework/src/Illuminate/Foundation/Http/Kernel.php(153): Illuminate\\Foundation\\Application->bootstrapWith(Array)
#24 /home/ghostrid/app.ghostriderrr.xyz/application/vendor/laravel/framework/src/Illuminate/Foundation/Http/Kernel.php(137): Illuminate\\Foundation\\Http\\Kernel->bootstrap()
#25 /home/ghostrid/app.ghostriderrr.xyz/application/vendor/laravel/framework/src/Illuminate/Foundation/Http/Kernel.php(111): Illuminate\\Foundation\\Http\\Kernel->sendRequestThroughRouter(Object(Illuminate\\Http\\Request))
#26 /home/ghostrid/app.ghostriderrr.xyz/index.php(92): Illuminate\\Foundation\\Http\\Kernel->handle(Object(Illuminate\\Http\\Request))
#27 {main}
"} 
[2023-01-25 09:53:53] production.ERROR: SQLSTATE[42S02]: Base table or view not found: 1146 Table 'ghostrid_eclass.settings2' doesn't exist (SQL: select * from `settings` left join `settings2` on `settings2`.`settings2_id` = `settings`.`settings_id` where `settings_id` = 1 limit 1) {"exception":"[object] (Illuminate\\Database\\QueryException(code: 42S02): SQLSTATE[42S02]: Base table or view not found: 1146 Table 'ghostrid_eclass.settings2' doesn't exist (SQL: select * from `settings` left join `settings2` on `settings2`.`settings2_id` = `settings`.`settings_id` where `settings_id` = 1 limit 1) at /home/ghostrid/app.ghostriderrr.xyz/application/vendor/laravel/framework/src/Illuminate/Database/Connection.php:712)
[stacktrace]
#0 /home/ghostrid/app.ghostriderrr.xyz/application/vendor/laravel/framework/src/Illuminate/Database/Connection.php(672): Illuminate\\Database\\Connection->runQueryCallback('select * from `...', Array, Object(Closure))
#1 /home/ghostrid/app.ghostriderrr.xyz/application/vendor/laravel/framework/src/Illuminate/Database/Connection.php(376): Illuminate\\Database\\Connection->run('select * from `...', Array, Object(Closure))
#2 /home/ghostrid/app.ghostriderrr.xyz/application/vendor/laravel/framework/src/Illuminate/Database/Query/Builder.php(2414): Illuminate\\Database\\Connection->select('select * from `...', Array, true)
#3 /home/ghostrid/app.ghostriderrr.xyz/application/vendor/laravel/framework/src/Illuminate/Database/Query/Builder.php(2402): Illuminate\\Database\\Query\\Builder->runSelect()
#4 /home/ghostrid/app.ghostriderrr.xyz/application/vendor/laravel/framework/src/Illuminate/Database/Query/Builder.php(2936): Illuminate\\Database\\Query\\Builder->Illuminate\\Database\\Query\\{closure}()
#5 /home/ghostrid/app.ghostriderrr.xyz/application/vendor/laravel/framework/src/Illuminate/Database/Query/Builder.php(2403): Illuminate\\Database\\Query\\Builder->onceWithColumns(Array, Object(Closure))
#6 /home/ghostrid/app.ghostriderrr.xyz/application/vendor/laravel/framework/src/Illuminate/Database/Eloquent/Builder.php(625): Illuminate\\Database\\Query\\Builder->get(Array)
#7 /home/ghostrid/app.ghostriderrr.xyz/application/vendor/laravel/framework/src/Illuminate/Database/Eloquent/Builder.php(609): Illuminate\\Database\\Eloquent\\Builder->getModels(Array)
#8 /home/ghostrid/app.ghostriderrr.xyz/application/vendor/laravel/framework/src/Illuminate/Database/Concerns/BuildsQueries.php(294): Illuminate\\Database\\Eloquent\\Builder->get(Array)
#9 /home/ghostrid/app.ghostriderrr.xyz/application/app/Providers/ConfigSystemServiceProvider.php(30): Illuminate\\Database\\Eloquent\\Builder->first()
#10 /home/ghostrid/app.ghostriderrr.xyz/application/vendor/laravel/framework/src/Illuminate/Container/BoundMethod.php(36): App\\Providers\\ConfigSystemServiceProvider->boot()
#11 /home/ghostrid/app.ghostriderrr.xyz/application/vendor/laravel/framework/src/Illuminate/Container/Util.php(40): Illuminate\\Container\\BoundMethod::Illuminate\\Container\\{closure}()
#12 /home/ghostrid/app.ghostriderrr.xyz/application/vendor/laravel/framework/src/Illuminate/Container/BoundMethod.php(93): Illuminate\\Container\\Util::unwrapIfClosure(Object(Closure))
#13 /home/ghostrid/app.ghostriderrr.xyz/application/vendor/laravel/framework/src/Illuminate/Container/BoundMethod.php(37): Illuminate\\Container\\BoundMethod::callBoundMethod(Object(Illuminate\\Foundation\\Application), Array, Object(Closure))
#14 /home/ghostrid/app.ghostriderrr.xyz/application/vendor/laravel/framework/src/Illuminate/Container/Container.php(653): Illuminate\\Container\\BoundMethod::call(Object(Illuminate\\Foundation\\Application), Array, Array, NULL)
#15 /home/ghostrid/app.ghostriderrr.xyz/application/vendor/laravel/framework/src/Illuminate/Foundation/Application.php(924): Illuminate\\Container\\Container->call(Array)
#16 /home/ghostrid/app.ghostriderrr.xyz/application/vendor/laravel/framework/src/Illuminate/Foundation/Application.php(905): Illuminate\\Foundation\\Application->bootProvider(Object(App\\Providers\\ConfigSystemServiceProvider))
#17 [internal function]: Illuminate\\Foundation\\Application->Illuminate\\Foundation\\{closure}(Object(App\\Providers\\ConfigSystemServiceProvider), 32)
#18 /home/ghostrid/app.ghostriderrr.xyz/application/vendor/laravel/framework/src/Illuminate/Foundation/Application.php(906): array_walk(Array, Object(Closure))
#19 /home/ghostrid/app.ghostriderrr.xyz/application/vendor/laravel/framework/src/Illuminate/Foundation/Bootstrap/BootProviders.php(17): Illuminate\\Foundation\\Application->boot()
#20 /home/ghostrid/app.ghostriderrr.xyz/application/vendor/laravel/framework/src/Illuminate/Foundation/Application.php(237): Illuminate\\Foundation\\Bootstrap\\BootProviders->bootstrap(Object(Illuminate\\Foundation\\Application))
#21 /home/ghostrid/app.ghostriderrr.xyz/application/vendor/laravel/framework/src/Illuminate/Foundation/Http/Kernel.php(153): Illuminate\\Foundation\\Application->bootstrapWith(Array)
#22 /home/ghostrid/app.ghostriderrr.xyz/application/vendor/laravel/framework/src/Illuminate/Foundation/Http/Kernel.php(137): Illuminate\\Foundation\\Http\\Kernel->bootstrap()
#23 /home/ghostrid/app.ghostriderrr.xyz/application/vendor/laravel/framework/src/Illuminate/Foundation/Http/Kernel.php(111): Illuminate\\Foundation\\Http\\Kernel->sendRequestThroughRouter(Object(Illuminate\\Http\\Request))
#24 /home/ghostrid/app.ghostriderrr.xyz/index.php(92): Illuminate\\Foundation\\Http\\Kernel->handle(Object(Illuminate\\Http\\Request))
#25 {main}

[previous exception] [object] (PDOException(code: 42S02): SQLSTATE[42S02]: Base table or view not found: 1146 Table 'ghostrid_eclass.settings2' doesn't exist at /home/ghostrid/app.ghostriderrr.xyz/application/vendor/laravel/framework/src/Illuminate/Database/Connection.php:368)
[stacktrace]
#0 /home/ghostrid/app.ghostriderrr.xyz/application/vendor/laravel/framework/src/Illuminate/Database/Connection.php(368): PDO->prepare('select * from `...')
#1 /home/ghostrid/app.ghostriderrr.xyz/application/vendor/laravel/framework/src/Illuminate/Database/Connection.php(705): Illuminate\\Database\\Connection->Illuminate\\Database\\{closure}('select * from `...', Array)
#2 /home/ghostrid/app.ghostriderrr.xyz/application/vendor/laravel/framework/src/Illuminate/Database/Connection.php(672): Illuminate\\Database\\Connection->runQueryCallback('select * from `...', Array, Object(Closure))
#3 /home/ghostrid/app.ghostriderrr.xyz/application/vendor/laravel/framework/src/Illuminate/Database/Connection.php(376): Illuminate\\Database\\Connection->run('select * from `...', Array, Object(Closure))
#4 /home/ghostrid/app.ghostriderrr.xyz/application/vendor/laravel/framework/src/Illuminate/Database/Query/Builder.php(2414): Illuminate\\Database\\Connection->select('select * from `...', Array, true)
#5 /home/ghostrid/app.ghostriderrr.xyz/application/vendor/laravel/framework/src/Illuminate/Database/Query/Builder.php(2402): Illuminate\\Database\\Query\\Builder->runSelect()
#6 /home/ghostrid/app.ghostriderrr.xyz/application/vendor/laravel/framework/src/Illuminate/Database/Query/Builder.php(2936): Illuminate\\Database\\Query\\Builder->Illuminate\\Database\\Query\\{closure}()
#7 /home/ghostrid/app.ghostriderrr.xyz/application/vendor/laravel/framework/src/Illuminate/Database/Query/Builder.php(2403): Illuminate\\Database\\Query\\Builder->onceWithColumns(Array, Object(Closure))
#8 /home/ghostrid/app.ghostriderrr.xyz/application/vendor/laravel/framework/src/Illuminate/Database/Eloquent/Builder.php(625): Illuminate\\Database\\Query\\Builder->get(Array)
#9 /home/ghostrid/app.ghostriderrr.xyz/application/vendor/laravel/framework/src/Illuminate/Database/Eloquent/Builder.php(609): Illuminate\\Database\\Eloquent\\Builder->getModels(Array)
#10 /home/ghostrid/app.ghostriderrr.xyz/application/vendor/laravel/framework/src/Illuminate/Database/Concerns/BuildsQueries.php(294): Illuminate\\Database\\Eloquent\\Builder->get(Array)
#11 /home/ghostrid/app.ghostriderrr.xyz/application/app/Providers/ConfigSystemServiceProvider.php(30): Illuminate\\Database\\Eloquent\\Builder->first()
#12 /home/ghostrid/app.ghostriderrr.xyz/application/vendor/laravel/framework/src/Illuminate/Container/BoundMethod.php(36): App\\Providers\\ConfigSystemServiceProvider->boot()
#13 /home/ghostrid/app.ghostriderrr.xyz/application/vendor/laravel/framework/src/Illuminate/Container/Util.php(40): Illuminate\\Container\\BoundMethod::Illuminate\\Container\\{closure}()
#14 /home/ghostrid/app.ghostriderrr.xyz/application/vendor/laravel/framework/src/Illuminate/Container/BoundMethod.php(93): Illuminate\\Container\\Util::unwrapIfClosure(Object(Closure))
#15 /home/ghostrid/app.ghostriderrr.xyz/application/vendor/laravel/framework/src/Illuminate/Container/BoundMethod.php(37): Illuminate\\Container\\BoundMethod::callBoundMethod(Object(Illuminate\\Foundation\\Application), Array, Object(Closure))
#16 /home/ghostrid/app.ghostriderrr.xyz/application/vendor/laravel/framework/src/Illuminate/Container/Container.php(653): Illuminate\\Container\\BoundMethod::call(Object(Illuminate\\Foundation\\Application), Array, Array, NULL)
#17 /home/ghostrid/app.ghostriderrr.xyz/application/vendor/laravel/framework/src/Illuminate/Foundation/Application.php(924): Illuminate\\Container\\Container->call(Array)
#18 /home/ghostrid/app.ghostriderrr.xyz/application/vendor/laravel/framework/src/Illuminate/Foundation/Application.php(905): Illuminate\\Foundation\\Application->bootProvider(Object(App\\Providers\\ConfigSystemServiceProvider))
#19 [internal function]: Illuminate\\Foundation\\Application->Illuminate\\Foundation\\{closure}(Object(App\\Providers\\ConfigSystemServiceProvider), 32)
#20 /home/ghostrid/app.ghostriderrr.xyz/application/vendor/laravel/framework/src/Illuminate/Foundation/Application.php(906): array_walk(Array, Object(Closure))
#21 /home/ghostrid/app.ghostriderrr.xyz/application/vendor/laravel/framework/src/Illuminate/Foundation/Bootstrap/BootProviders.php(17): Illuminate\\Foundation\\Application->boot()
#22 /home/ghostrid/app.ghostriderrr.xyz/application/vendor/laravel/framework/src/Illuminate/Foundation/Application.php(237): Illuminate\\Foundation\\Bootstrap\\BootProviders->bootstrap(Object(Illuminate\\Foundation\\Application))
#23 /home/ghostrid/app.ghostriderrr.xyz/application/vendor/laravel/framework/src/Illuminate/Foundation/Http/Kernel.php(153): Illuminate\\Foundation\\Application->bootstrapWith(Array)
#24 /home/ghostrid/app.ghostriderrr.xyz/application/vendor/laravel/framework/src/Illuminate/Foundation/Http/Kernel.php(137): Illuminate\\Foundation\\Http\\Kernel->bootstrap()
#25 /home/ghostrid/app.ghostriderrr.xyz/application/vendor/laravel/framework/src/Illuminate/Foundation/Http/Kernel.php(111): Illuminate\\Foundation\\Http\\Kernel->sendRequestThroughRouter(Object(Illuminate\\Http\\Request))
#26 /home/ghostrid/app.ghostriderrr.xyz/index.php(92): Illuminate\\Foundation\\Http\\Kernel->handle(Object(Illuminate\\Http\\Request))
#27 {main}
"} 
[2023-01-25 09:53:59] production.ERROR: SQLSTATE[42S02]: Base table or view not found: 1146 Table 'ghostrid_eclass.settings2' doesn't exist (SQL: select * from `settings` left join `settings2` on `settings2`.`settings2_id` = `settings`.`settings_id` where `settings_id` = 1 limit 1) {"exception":"[object] (Illuminate\\Database\\QueryException(code: 42S02): SQLSTATE[42S02]: Base table or view not found: 1146 Table 'ghostrid_eclass.settings2' doesn't exist (SQL: select * from `settings` left join `settings2` on `settings2`.`settings2_id` = `settings`.`settings_id` where `settings_id` = 1 limit 1) at /home/ghostrid/app.ghostriderrr.xyz/application/vendor/laravel/framework/src/Illuminate/Database/Connection.php:712)
[stacktrace]
#0 /home/ghostrid/app.ghostriderrr.xyz/application/vendor/laravel/framework/src/Illuminate/Database/Connection.php(672): Illuminate\\Database\\Connection->runQueryCallback('select * from `...', Array, Object(Closure))
#1 /home/ghostrid/app.ghostriderrr.xyz/application/vendor/laravel/framework/src/Illuminate/Database/Connection.php(376): Illuminate\\Database\\Connection->run('select * from `...', Array, Object(Closure))
#2 /home/ghostrid/app.ghostriderrr.xyz/application/vendor/laravel/framework/src/Illuminate/Database/Query/Builder.php(2414): Illuminate\\Database\\Connection->select('select * from `...', Array, true)
#3 /home/ghostrid/app.ghostriderrr.xyz/application/vendor/laravel/framework/src/Illuminate/Database/Query/Builder.php(2402): Illuminate\\Database\\Query\\Builder->runSelect()
#4 /home/ghostrid/app.ghostriderrr.xyz/application/vendor/laravel/framework/src/Illuminate/Database/Query/Builder.php(2936): Illuminate\\Database\\Query\\Builder->Illuminate\\Database\\Query\\{closure}()
#5 /home/ghostrid/app.ghostriderrr.xyz/application/vendor/laravel/framework/src/Illuminate/Database/Query/Builder.php(2403): Illuminate\\Database\\Query\\Builder->onceWithColumns(Array, Object(Closure))
#6 /home/ghostrid/app.ghostriderrr.xyz/application/vendor/laravel/framework/src/Illuminate/Database/Eloquent/Builder.php(625): Illuminate\\Database\\Query\\Builder->get(Array)
#7 /home/ghostrid/app.ghostriderrr.xyz/application/vendor/laravel/framework/src/Illuminate/Database/Eloquent/Builder.php(609): Illuminate\\Database\\Eloquent\\Builder->getModels(Array)
#8 /home/ghostrid/app.ghostriderrr.xyz/application/vendor/laravel/framework/src/Illuminate/Database/Concerns/BuildsQueries.php(294): Illuminate\\Database\\Eloquent\\Builder->get(Array)
#9 /home/ghostrid/app.ghostriderrr.xyz/application/app/Providers/ConfigSystemServiceProvider.php(30): Illuminate\\Database\\Eloquent\\Builder->first()
#10 /home/ghostrid/app.ghostriderrr.xyz/application/vendor/laravel/framework/src/Illuminate/Container/BoundMethod.php(36): App\\Providers\\ConfigSystemServiceProvider->boot()
#11 /home/ghostrid/app.ghostriderrr.xyz/application/vendor/laravel/framework/src/Illuminate/Container/Util.php(40): Illuminate\\Container\\BoundMethod::Illuminate\\Container\\{closure}()
#12 /home/ghostrid/app.ghostriderrr.xyz/application/vendor/laravel/framework/src/Illuminate/Container/BoundMethod.php(93): Illuminate\\Container\\Util::unwrapIfClosure(Object(Closure))
#13 /home/ghostrid/app.ghostriderrr.xyz/application/vendor/laravel/framework/src/Illuminate/Container/BoundMethod.php(37): Illuminate\\Container\\BoundMethod::callBoundMethod(Object(Illuminate\\Foundation\\Application), Array, Object(Closure))
#14 /home/ghostrid/app.ghostriderrr.xyz/application/vendor/laravel/framework/src/Illuminate/Container/Container.php(653): Illuminate\\Container\\BoundMethod::call(Object(Illuminate\\Foundation\\Application), Array, Array, NULL)
#15 /home/ghostrid/app.ghostriderrr.xyz/application/vendor/laravel/framework/src/Illuminate/Foundation/Application.php(924): Illuminate\\Container\\Container->call(Array)
#16 /home/ghostrid/app.ghostriderrr.xyz/application/vendor/laravel/framework/src/Illuminate/Foundation/Application.php(905): Illuminate\\Foundation\\Application->bootProvider(Object(App\\Providers\\ConfigSystemServiceProvider))
#17 [internal function]: Illuminate\\Foundation\\Application->Illuminate\\Foundation\\{closure}(Object(App\\Providers\\ConfigSystemServiceProvider), 32)
#18 /home/ghostrid/app.ghostriderrr.xyz/application/vendor/laravel/framework/src/Illuminate/Foundation/Application.php(906): array_walk(Array, Object(Closure))
#19 /home/ghostrid/app.ghostriderrr.xyz/application/vendor/laravel/framework/src/Illuminate/Foundation/Bootstrap/BootProviders.php(17): Illuminate\\Foundation\\Application->boot()
#20 /home/ghostrid/app.ghostriderrr.xyz/application/vendor/laravel/framework/src/Illuminate/Foundation/Application.php(237): Illuminate\\Foundation\\Bootstrap\\BootProviders->bootstrap(Object(Illuminate\\Foundation\\Application))
#21 /home/ghostrid/app.ghostriderrr.xyz/application/vendor/laravel/framework/src/Illuminate/Foundation/Http/Kernel.php(153): Illuminate\\Foundation\\Application->bootstrapWith(Array)
#22 /home/ghostrid/app.ghostriderrr.xyz/application/vendor/laravel/framework/src/Illuminate/Foundation/Http/Kernel.php(137): Illuminate\\Foundation\\Http\\Kernel->bootstrap()
#23 /home/ghostrid/app.ghostriderrr.xyz/application/vendor/laravel/framework/src/Illuminate/Foundation/Http/Kernel.php(111): Illuminate\\Foundation\\Http\\Kernel->sendRequestThroughRouter(Object(Illuminate\\Http\\Request))
#24 /home/ghostrid/app.ghostriderrr.xyz/index.php(92): Illuminate\\Foundation\\Http\\Kernel->handle(Object(Illuminate\\Http\\Request))
#25 {main}

[previous exception] [object] (PDOException(code: 42S02): SQLSTATE[42S02]: Base table or view not found: 1146 Table 'ghostrid_eclass.settings2' doesn't exist at /home/ghostrid/app.ghostriderrr.xyz/application/vendor/laravel/framework/src/Illuminate/Database/Connection.php:368)
[stacktrace]
#0 /home/ghostrid/app.ghostriderrr.xyz/application/vendor/laravel/framework/src/Illuminate/Database/Connection.php(368): PDO->prepare('select * from `...')
#1 /home/ghostrid/app.ghostriderrr.xyz/application/vendor/laravel/framework/src/Illuminate/Database/Connection.php(705): Illuminate\\Database\\Connection->Illuminate\\Database\\{closure}('select * from `...', Array)
#2 /home/ghostrid/app.ghostriderrr.xyz/application/vendor/laravel/framework/src/Illuminate/Database/Connection.php(672): Illuminate\\Database\\Connection->runQueryCallback('select * from `...', Array, Object(Closure))
#3 /home/ghostrid/app.ghostriderrr.xyz/application/vendor/laravel/framework/src/Illuminate/Database/Connection.php(376): Illuminate\\Database\\Connection->run('select * from `...', Array, Object(Closure))
#4 /home/ghostrid/app.ghostriderrr.xyz/application/vendor/laravel/framework/src/Illuminate/Database/Query/Builder.php(2414): Illuminate\\Database\\Connection->select('select * from `...', Array, true)
#5 /home/ghostrid/app.ghostriderrr.xyz/application/vendor/laravel/framework/src/Illuminate/Database/Query/Builder.php(2402): Illuminate\\Database\\Query\\Builder->runSelect()
#6 /home/ghostrid/app.ghostriderrr.xyz/application/vendor/laravel/framework/src/Illuminate/Database/Query/Builder.php(2936): Illuminate\\Database\\Query\\Builder->Illuminate\\Database\\Query\\{closure}()
#7 /home/ghostrid/app.ghostriderrr.xyz/application/vendor/laravel/framework/src/Illuminate/Database/Query/Builder.php(2403): Illuminate\\Database\\Query\\Builder->onceWithColumns(Array, Object(Closure))
#8 /home/ghostrid/app.ghostriderrr.xyz/application/vendor/laravel/framework/src/Illuminate/Database/Eloquent/Builder.php(625): Illuminate\\Database\\Query\\Builder->get(Array)
#9 /home/ghostrid/app.ghostriderrr.xyz/application/vendor/laravel/framework/src/Illuminate/Database/Eloquent/Builder.php(609): Illuminate\\Database\\Eloquent\\Builder->getModels(Array)
#10 /home/ghostrid/app.ghostriderrr.xyz/application/vendor/laravel/framework/src/Illuminate/Database/Concerns/BuildsQueries.php(294): Illuminate\\Database\\Eloquent\\Builder->get(Array)
#11 /home/ghostrid/app.ghostriderrr.xyz/application/app/Providers/ConfigSystemServiceProvider.php(30): Illuminate\\Database\\Eloquent\\Builder->first()
#12 /home/ghostrid/app.ghostriderrr.xyz/application/vendor/laravel/framework/src/Illuminate/Container/BoundMethod.php(36): App\\Providers\\ConfigSystemServiceProvider->boot()
#13 /home/ghostrid/app.ghostriderrr.xyz/application/vendor/laravel/framework/src/Illuminate/Container/Util.php(40): Illuminate\\Container\\BoundMethod::Illuminate\\Container\\{closure}()
#14 /home/ghostrid/app.ghostriderrr.xyz/application/vendor/laravel/framework/src/Illuminate/Container/BoundMethod.php(93): Illuminate\\Container\\Util::unwrapIfClosure(Object(Closure))
#15 /home/ghostrid/app.ghostriderrr.xyz/application/vendor/laravel/framework/src/Illuminate/Container/BoundMethod.php(37): Illuminate\\Container\\BoundMethod::callBoundMethod(Object(Illuminate\\Foundation\\Application), Array, Object(Closure))
#16 /home/ghostrid/app.ghostriderrr.xyz/application/vendor/laravel/framework/src/Illuminate/Container/Container.php(653): Illuminate\\Container\\BoundMethod::call(Object(Illuminate\\Foundation\\Application), Array, Array, NULL)
#17 /home/ghostrid/app.ghostriderrr.xyz/application/vendor/laravel/framework/src/Illuminate/Foundation/Application.php(924): Illuminate\\Container\\Container->call(Array)
#18 /home/ghostrid/app.ghostriderrr.xyz/application/vendor/laravel/framework/src/Illuminate/Foundation/Application.php(905): Illuminate\\Foundation\\Application->bootProvider(Object(App\\Providers\\ConfigSystemServiceProvider))
#19 [internal function]: Illuminate\\Foundation\\Application->Illuminate\\Foundation\\{closure}(Object(App\\Providers\\ConfigSystemServiceProvider), 32)
#20 /home/ghostrid/app.ghostriderrr.xyz/application/vendor/laravel/framework/src/Illuminate/Foundation/Application.php(906): array_walk(Array, Object(Closure))
#21 /home/ghostrid/app.ghostriderrr.xyz/application/vendor/laravel/framework/src/Illuminate/Foundation/Bootstrap/BootProviders.php(17): Illuminate\\Foundation\\Application->boot()
#22 /home/ghostrid/app.ghostriderrr.xyz/application/vendor/laravel/framework/src/Illuminate/Foundation/Application.php(237): Illuminate\\Foundation\\Bootstrap\\BootProviders->bootstrap(Object(Illuminate\\Foundation\\Application))
#23 /home/ghostrid/app.ghostriderrr.xyz/application/vendor/laravel/framework/src/Illuminate/Foundation/Http/Kernel.php(153): Illuminate\\Foundation\\Application->bootstrapWith(Array)
#24 /home/ghostrid/app.ghostriderrr.xyz/application/vendor/laravel/framework/src/Illuminate/Foundation/Http/Kernel.php(137): Illuminate\\Foundation\\Http\\Kernel->bootstrap()
#25 /home/ghostrid/app.ghostriderrr.xyz/application/vendor/laravel/framework/src/Illuminate/Foundation/Http/Kernel.php(111): Illuminate\\Foundation\\Http\\Kernel->sendRequestThroughRouter(Object(Illuminate\\Http\\Request))
#26 /home/ghostrid/app.ghostriderrr.xyz/index.php(92): Illuminate\\Foundation\\Http\\Kernel->handle(Object(Illuminate\\Http\\Request))
#27 {main}
"} 
[2023-01-25 09:54:01] production.ERROR: SQLSTATE[42S02]: Base table or view not found: 1146 Table 'ghostrid_eclass.settings2' doesn't exist (SQL: select * from `settings` left join `settings2` on `settings2`.`settings2_id` = `settings`.`settings_id` where `settings_id` = 1 limit 1) {"exception":"[object] (Illuminate\\Database\\QueryException(code: 42S02): SQLSTATE[42S02]: Base table or view not found: 1146 Table 'ghostrid_eclass.settings2' doesn't exist (SQL: select * from `settings` left join `settings2` on `settings2`.`settings2_id` = `settings`.`settings_id` where `settings_id` = 1 limit 1) at /home/ghostrid/app.ghostriderrr.xyz/application/vendor/laravel/framework/src/Illuminate/Database/Connection.php:712)
[stacktrace]
#0 /home/ghostrid/app.ghostriderrr.xyz/application/vendor/laravel/framework/src/Illuminate/Database/Connection.php(672): Illuminate\\Database\\Connection->runQueryCallback('select * from `...', Array, Object(Closure))
#1 /home/ghostrid/app.ghostriderrr.xyz/application/vendor/laravel/framework/src/Illuminate/Database/Connection.php(376): Illuminate\\Database\\Connection->run('select * from `...', Array, Object(Closure))
#2 /home/ghostrid/app.ghostriderrr.xyz/application/vendor/laravel/framework/src/Illuminate/Database/Query/Builder.php(2414): Illuminate\\Database\\Connection->select('select * from `...', Array, true)
#3 /home/ghostrid/app.ghostriderrr.xyz/application/vendor/laravel/framework/src/Illuminate/Database/Query/Builder.php(2402): Illuminate\\Database\\Query\\Builder->runSelect()
#4 /home/ghostrid/app.ghostriderrr.xyz/application/vendor/laravel/framework/src/Illuminate/Database/Query/Builder.php(2936): Illuminate\\Database\\Query\\Builder->Illuminate\\Database\\Query\\{closure}()
#5 /home/ghostrid/app.ghostriderrr.xyz/application/vendor/laravel/framework/src/Illuminate/Database/Query/Builder.php(2403): Illuminate\\Database\\Query\\Builder->onceWithColumns(Array, Object(Closure))
#6 /home/ghostrid/app.ghostriderrr.xyz/application/vendor/laravel/framework/src/Illuminate/Database/Eloquent/Builder.php(625): Illuminate\\Database\\Query\\Builder->get(Array)
#7 /home/ghostrid/app.ghostriderrr.xyz/application/vendor/laravel/framework/src/Illuminate/Database/Eloquent/Builder.php(609): Illuminate\\Database\\Eloquent\\Builder->getModels(Array)
#8 /home/ghostrid/app.ghostriderrr.xyz/application/vendor/laravel/framework/src/Illuminate/Database/Concerns/BuildsQueries.php(294): Illuminate\\Database\\Eloquent\\Builder->get(Array)
#9 /home/ghostrid/app.ghostriderrr.xyz/application/app/Providers/ConfigSystemServiceProvider.php(30): Illuminate\\Database\\Eloquent\\Builder->first()
#10 /home/ghostrid/app.ghostriderrr.xyz/application/vendor/laravel/framework/src/Illuminate/Container/BoundMethod.php(36): App\\Providers\\ConfigSystemServiceProvider->boot()
#11 /home/ghostrid/app.ghostriderrr.xyz/application/vendor/laravel/framework/src/Illuminate/Container/Util.php(40): Illuminate\\Container\\BoundMethod::Illuminate\\Container\\{closure}()
#12 /home/ghostrid/app.ghostriderrr.xyz/application/vendor/laravel/framework/src/Illuminate/Container/BoundMethod.php(93): Illuminate\\Container\\Util::unwrapIfClosure(Object(Closure))
#13 /home/ghostrid/app.ghostriderrr.xyz/application/vendor/laravel/framework/src/Illuminate/Container/BoundMethod.php(37): Illuminate\\Container\\BoundMethod::callBoundMethod(Object(Illuminate\\Foundation\\Application), Array, Object(Closure))
#14 /home/ghostrid/app.ghostriderrr.xyz/application/vendor/laravel/framework/src/Illuminate/Container/Container.php(653): Illuminate\\Container\\BoundMethod::call(Object(Illuminate\\Foundation\\Application), Array, Array, NULL)
#15 /home/ghostrid/app.ghostriderrr.xyz/application/vendor/laravel/framework/src/Illuminate/Foundation/Application.php(924): Illuminate\\Container\\Container->call(Array)
#16 /home/ghostrid/app.ghostriderrr.xyz/application/vendor/laravel/framework/src/Illuminate/Foundation/Application.php(905): Illuminate\\Foundation\\Application->bootProvider(Object(App\\Providers\\ConfigSystemServiceProvider))
#17 [internal function]: Illuminate\\Foundation\\Application->Illuminate\\Foundation\\{closure}(Object(App\\Providers\\ConfigSystemServiceProvider), 32)
#18 /home/ghostrid/app.ghostriderrr.xyz/application/vendor/laravel/framework/src/Illuminate/Foundation/Application.php(906): array_walk(Array, Object(Closure))
#19 /home/ghostrid/app.ghostriderrr.xyz/application/vendor/laravel/framework/src/Illuminate/Foundation/Bootstrap/BootProviders.php(17): Illuminate\\Foundation\\Application->boot()
#20 /home/ghostrid/app.ghostriderrr.xyz/application/vendor/laravel/framework/src/Illuminate/Foundation/Application.php(237): Illuminate\\Foundation\\Bootstrap\\BootProviders->bootstrap(Object(Illuminate\\Foundation\\Application))
#21 /home/ghostrid/app.ghostriderrr.xyz/application/vendor/laravel/framework/src/Illuminate/Foundation/Http/Kernel.php(153): Illuminate\\Foundation\\Application->bootstrapWith(Array)
#22 /home/ghostrid/app.ghostriderrr.xyz/application/vendor/laravel/framework/src/Illuminate/Foundation/Http/Kernel.php(137): Illuminate\\Foundation\\Http\\Kernel->bootstrap()
#23 /home/ghostrid/app.ghostriderrr.xyz/application/vendor/laravel/framework/src/Illuminate/Foundation/Http/Kernel.php(111): Illuminate\\Foundation\\Http\\Kernel->sendRequestThroughRouter(Object(Illuminate\\Http\\Request))
#24 /home/ghostrid/app.ghostriderrr.xyz/index.php(92): Illuminate\\Foundation\\Http\\Kernel->handle(Object(Illuminate\\Http\\Request))
#25 {main}

[previous exception] [object] (PDOException(code: 42S02): SQLSTATE[42S02]: Base table or view not found: 1146 Table 'ghostrid_eclass.settings2' doesn't exist at /home/ghostrid/app.ghostriderrr.xyz/application/vendor/laravel/framework/src/Illuminate/Database/Connection.php:368)
[stacktrace]
#0 /home/ghostrid/app.ghostriderrr.xyz/application/vendor/laravel/framework/src/Illuminate/Database/Connection.php(368): PDO->prepare('select * from `...')
#1 /home/ghostrid/app.ghostriderrr.xyz/application/vendor/laravel/framework/src/Illuminate/Database/Connection.php(705): Illuminate\\Database\\Connection->Illuminate\\Database\\{closure}('select * from `...', Array)
#2 /home/ghostrid/app.ghostriderrr.xyz/application/vendor/laravel/framework/src/Illuminate/Database/Connection.php(672): Illuminate\\Database\\Connection->runQueryCallback('select * from `...', Array, Object(Closure))
#3 /home/ghostrid/app.ghostriderrr.xyz/application/vendor/laravel/framework/src/Illuminate/Database/Connection.php(376): Illuminate\\Database\\Connection->run('select * from `...', Array, Object(Closure))
#4 /home/ghostrid/app.ghostriderrr.xyz/application/vendor/laravel/framework/src/Illuminate/Database/Query/Builder.php(2414): Illuminate\\Database\\Connection->select('select * from `...', Array, true)
#5 /home/ghostrid/app.ghostriderrr.xyz/application/vendor/laravel/framework/src/Illuminate/Database/Query/Builder.php(2402): Illuminate\\Database\\Query\\Builder->runSelect()
#6 /home/ghostrid/app.ghostriderrr.xyz/application/vendor/laravel/framework/src/Illuminate/Database/Query/Builder.php(2936): Illuminate\\Database\\Query\\Builder->Illuminate\\Database\\Query\\{closure}()
#7 /home/ghostrid/app.ghostriderrr.xyz/application/vendor/laravel/framework/src/Illuminate/Database/Query/Builder.php(2403): Illuminate\\Database\\Query\\Builder->onceWithColumns(Array, Object(Closure))
#8 /home/ghostrid/app.ghostriderrr.xyz/application/vendor/laravel/framework/src/Illuminate/Database/Eloquent/Builder.php(625): Illuminate\\Database\\Query\\Builder->get(Array)
#9 /home/ghostrid/app.ghostriderrr.xyz/application/vendor/laravel/framework/src/Illuminate/Database/Eloquent/Builder.php(609): Illuminate\\Database\\Eloquent\\Builder->getModels(Array)
#10 /home/ghostrid/app.ghostriderrr.xyz/application/vendor/laravel/framework/src/Illuminate/Database/Concerns/BuildsQueries.php(294): Illuminate\\Database\\Eloquent\\Builder->get(Array)
#11 /home/ghostrid/app.ghostriderrr.xyz/application/app/Providers/ConfigSystemServiceProvider.php(30): Illuminate\\Database\\Eloquent\\Builder->first()
#12 /home/ghostrid/app.ghostriderrr.xyz/application/vendor/laravel/framework/src/Illuminate/Container/BoundMethod.php(36): App\\Providers\\ConfigSystemServiceProvider->boot()
#13 /home/ghostrid/app.ghostriderrr.xyz/application/vendor/laravel/framework/src/Illuminate/Container/Util.php(40): Illuminate\\Container\\BoundMethod::Illuminate\\Container\\{closure}()
#14 /home/ghostrid/app.ghostriderrr.xyz/application/vendor/laravel/framework/src/Illuminate/Container/BoundMethod.php(93): Illuminate\\Container\\Util::unwrapIfClosure(Object(Closure))
#15 /home/ghostrid/app.ghostriderrr.xyz/application/vendor/laravel/framework/src/Illuminate/Container/BoundMethod.php(37): Illuminate\\Container\\BoundMethod::callBoundMethod(Object(Illuminate\\Foundation\\Application), Array, Object(Closure))
#16 /home/ghostrid/app.ghostriderrr.xyz/application/vendor/laravel/framework/src/Illuminate/Container/Container.php(653): Illuminate\\Container\\BoundMethod::call(Object(Illuminate\\Foundation\\Application), Array, Array, NULL)
#17 /home/ghostrid/app.ghostriderrr.xyz/application/vendor/laravel/framework/src/Illuminate/Foundation/Application.php(924): Illuminate\\Container\\Container->call(Array)
#18 /home/ghostrid/app.ghostriderrr.xyz/application/vendor/laravel/framework/src/Illuminate/Foundation/Application.php(905): Illuminate\\Foundation\\Application->bootProvider(Object(App\\Providers\\ConfigSystemServiceProvider))
#19 [internal function]: Illuminate\\Foundation\\Application->Illuminate\\Foundation\\{closure}(Object(App\\Providers\\ConfigSystemServiceProvider), 32)
#20 /home/ghostrid/app.ghostriderrr.xyz/application/vendor/laravel/framework/src/Illuminate/Foundation/Application.php(906): array_walk(Array, Object(Closure))
#21 /home/ghostrid/app.ghostriderrr.xyz/application/vendor/laravel/framework/src/Illuminate/Foundation/Bootstrap/BootProviders.php(17): Illuminate\\Foundation\\Application->boot()
#22 /home/ghostrid/app.ghostriderrr.xyz/application/vendor/laravel/framework/src/Illuminate/Foundation/Application.php(237): Illuminate\\Foundation\\Bootstrap\\BootProviders->bootstrap(Object(Illuminate\\Foundation\\Application))
#23 /home/ghostrid/app.ghostriderrr.xyz/application/vendor/laravel/framework/src/Illuminate/Foundation/Http/Kernel.php(153): Illuminate\\Foundation\\Application->bootstrapWith(Array)
#24 /home/ghostrid/app.ghostriderrr.xyz/application/vendor/laravel/framework/src/Illuminate/Foundation/Http/Kernel.php(137): Illuminate\\Foundation\\Http\\Kernel->bootstrap()
#25 /home/ghostrid/app.ghostriderrr.xyz/application/vendor/laravel/framework/src/Illuminate/Foundation/Http/Kernel.php(111): Illuminate\\Foundation\\Http\\Kernel->sendRequestThroughRouter(Object(Illuminate\\Http\\Request))
#26 /home/ghostrid/app.ghostriderrr.xyz/index.php(92): Illuminate\\Foundation\\Http\\Kernel->handle(Object(Illuminate\\Http\\Request))
#27 {main}
"} 
[2023-01-25 09:54:29] local.ERROR: SQLSTATE[42S02]: Base table or view not found: 1146 Table 'ghostrid_eclass.settings2' doesn't exist (SQL: select * from `settings` left join `settings2` on `settings2`.`settings2_id` = `settings`.`settings_id` where `settings_id` = 1 limit 1) {"exception":"[object] (Illuminate\\Database\\QueryException(code: 42S02): SQLSTATE[42S02]: Base table or view not found: 1146 Table 'ghostrid_eclass.settings2' doesn't exist (SQL: select * from `settings` left join `settings2` on `settings2`.`settings2_id` = `settings`.`settings_id` where `settings_id` = 1 limit 1) at /home/ghostrid/app.ghostriderrr.xyz/application/vendor/laravel/framework/src/Illuminate/Database/Connection.php:712)
[stacktrace]
#0 /home/ghostrid/app.ghostriderrr.xyz/application/vendor/laravel/framework/src/Illuminate/Database/Connection.php(672): Illuminate\\Database\\Connection->runQueryCallback('select * from `...', Array, Object(Closure))
#1 /home/ghostrid/app.ghostriderrr.xyz/application/vendor/laravel/framework/src/Illuminate/Database/Connection.php(376): Illuminate\\Database\\Connection->run('select * from `...', Array, Object(Closure))
#2 /home/ghostrid/app.ghostriderrr.xyz/application/vendor/laravel/framework/src/Illuminate/Database/Query/Builder.php(2414): Illuminate\\Database\\Connection->select('select * from `...', Array, true)
#3 /home/ghostrid/app.ghostriderrr.xyz/application/vendor/laravel/framework/src/Illuminate/Database/Query/Builder.php(2402): Illuminate\\Database\\Query\\Builder->runSelect()
#4 /home/ghostrid/app.ghostriderrr.xyz/application/vendor/laravel/framework/src/Illuminate/Database/Query/Builder.php(2936): Illuminate\\Database\\Query\\Builder->Illuminate\\Database\\Query\\{closure}()
#5 /home/ghostrid/app.ghostriderrr.xyz/application/vendor/laravel/framework/src/Illuminate/Database/Query/Builder.php(2403): Illuminate\\Database\\Query\\Builder->onceWithColumns(Array, Object(Closure))
#6 /home/ghostrid/app.ghostriderrr.xyz/application/vendor/laravel/framework/src/Illuminate/Database/Eloquent/Builder.php(625): Illuminate\\Database\\Query\\Builder->get(Array)
#7 /home/ghostrid/app.ghostriderrr.xyz/application/vendor/laravel/framework/src/Illuminate/Database/Eloquent/Builder.php(609): Illuminate\\Database\\Eloquent\\Builder->getModels(Array)
#8 /home/ghostrid/app.ghostriderrr.xyz/application/vendor/laravel/framework/src/Illuminate/Database/Concerns/BuildsQueries.php(294): Illuminate\\Database\\Eloquent\\Builder->get(Array)
#9 /home/ghostrid/app.ghostriderrr.xyz/application/app/Providers/ConfigSystemServiceProvider.php(30): Illuminate\\Database\\Eloquent\\Builder->first()
#10 /home/ghostrid/app.ghostriderrr.xyz/application/vendor/laravel/framework/src/Illuminate/Container/BoundMethod.php(36): App\\Providers\\ConfigSystemServiceProvider->boot()
#11 /home/ghostrid/app.ghostriderrr.xyz/application/vendor/laravel/framework/src/Illuminate/Container/Util.php(40): Illuminate\\Container\\BoundMethod::Illuminate\\Container\\{closure}()
#12 /home/ghostrid/app.ghostriderrr.xyz/application/vendor/laravel/framework/src/Illuminate/Container/BoundMethod.php(93): Illuminate\\Container\\Util::unwrapIfClosure(Object(Closure))
#13 /home/ghostrid/app.ghostriderrr.xyz/application/vendor/laravel/framework/src/Illuminate/Container/BoundMethod.php(37): Illuminate\\Container\\BoundMethod::callBoundMethod(Object(Illuminate\\Foundation\\Application), Array, Object(Closure))
#14 /home/ghostrid/app.ghostriderrr.xyz/application/vendor/laravel/framework/src/Illuminate/Container/Container.php(653): Illuminate\\Container\\BoundMethod::call(Object(Illuminate\\Foundation\\Application), Array, Array, NULL)
#15 /home/ghostrid/app.ghostriderrr.xyz/application/vendor/laravel/framework/src/Illuminate/Foundation/Application.php(924): Illuminate\\Container\\Container->call(Array)
#16 /home/ghostrid/app.ghostriderrr.xyz/application/vendor/laravel/framework/src/Illuminate/Foundation/Application.php(905): Illuminate\\Foundation\\Application->bootProvider(Object(App\\Providers\\ConfigSystemServiceProvider))
#17 [internal function]: Illuminate\\Foundation\\Application->Illuminate\\Foundation\\{closure}(Object(App\\Providers\\ConfigSystemServiceProvider), 32)
#18 /home/ghostrid/app.ghostriderrr.xyz/application/vendor/laravel/framework/src/Illuminate/Foundation/Application.php(906): array_walk(Array, Object(Closure))
#19 /home/ghostrid/app.ghostriderrr.xyz/application/vendor/laravel/framework/src/Illuminate/Foundation/Bootstrap/BootProviders.php(17): Illuminate\\Foundation\\Application->boot()
#20 /home/ghostrid/app.ghostriderrr.xyz/application/vendor/laravel/framework/src/Illuminate/Foundation/Application.php(237): Illuminate\\Foundation\\Bootstrap\\BootProviders->bootstrap(Object(Illuminate\\Foundation\\Application))
#21 /home/ghostrid/app.ghostriderrr.xyz/application/vendor/laravel/framework/src/Illuminate/Foundation/Http/Kernel.php(153): Illuminate\\Foundation\\Application->bootstrapWith(Array)
#22 /home/ghostrid/app.ghostriderrr.xyz/application/vendor/laravel/framework/src/Illuminate/Foundation/Http/Kernel.php(137): Illuminate\\Foundation\\Http\\Kernel->bootstrap()
#23 /home/ghostrid/app.ghostriderrr.xyz/application/vendor/laravel/framework/src/Illuminate/Foundation/Http/Kernel.php(111): Illuminate\\Foundation\\Http\\Kernel->sendRequestThroughRouter(Object(Illuminate\\Http\\Request))
#24 /home/ghostrid/app.ghostriderrr.xyz/index.php(92): Illuminate\\Foundation\\Http\\Kernel->handle(Object(Illuminate\\Http\\Request))
#25 {main}

[previous exception] [object] (PDOException(code: 42S02): SQLSTATE[42S02]: Base table or view not found: 1146 Table 'ghostrid_eclass.settings2' doesn't exist at /home/ghostrid/app.ghostriderrr.xyz/application/vendor/laravel/framework/src/Illuminate/Database/Connection.php:368)
[stacktrace]
#0 /home/ghostrid/app.ghostriderrr.xyz/application/vendor/laravel/framework/src/Illuminate/Database/Connection.php(368): PDO->prepare('select * from `...')
#1 /home/ghostrid/app.ghostriderrr.xyz/application/vendor/laravel/framework/src/Illuminate/Database/Connection.php(705): Illuminate\\Database\\Connection->Illuminate\\Database\\{closure}('select * from `...', Array)
#2 /home/ghostrid/app.ghostriderrr.xyz/application/vendor/laravel/framework/src/Illuminate/Database/Connection.php(672): Illuminate\\Database\\Connection->runQueryCallback('select * from `...', Array, Object(Closure))
#3 /home/ghostrid/app.ghostriderrr.xyz/application/vendor/laravel/framework/src/Illuminate/Database/Connection.php(376): Illuminate\\Database\\Connection->run('select * from `...', Array, Object(Closure))
#4 /home/ghostrid/app.ghostriderrr.xyz/application/vendor/laravel/framework/src/Illuminate/Database/Query/Builder.php(2414): Illuminate\\Database\\Connection->select('select * from `...', Array, true)
#5 /home/ghostrid/app.ghostriderrr.xyz/application/vendor/laravel/framework/src/Illuminate/Database/Query/Builder.php(2402): Illuminate\\Database\\Query\\Builder->runSelect()
#6 /home/ghostrid/app.ghostriderrr.xyz/application/vendor/laravel/framework/src/Illuminate/Database/Query/Builder.php(2936): Illuminate\\Database\\Query\\Builder->Illuminate\\Database\\Query\\{closure}()
#7 /home/ghostrid/app.ghostriderrr.xyz/application/vendor/laravel/framework/src/Illuminate/Database/Query/Builder.php(2403): Illuminate\\Database\\Query\\Builder->onceWithColumns(Array, Object(Closure))
#8 /home/ghostrid/app.ghostriderrr.xyz/application/vendor/laravel/framework/src/Illuminate/Database/Eloquent/Builder.php(625): Illuminate\\Database\\Query\\Builder->get(Array)
#9 /home/ghostrid/app.ghostriderrr.xyz/application/vendor/laravel/framework/src/Illuminate/Database/Eloquent/Builder.php(609): Illuminate\\Database\\Eloquent\\Builder->getModels(Array)
#10 /home/ghostrid/app.ghostriderrr.xyz/application/vendor/laravel/framework/src/Illuminate/Database/Concerns/BuildsQueries.php(294): Illuminate\\Database\\Eloquent\\Builder->get(Array)
#11 /home/ghostrid/app.ghostriderrr.xyz/application/app/Providers/ConfigSystemServiceProvider.php(30): Illuminate\\Database\\Eloquent\\Builder->first()
#12 /home/ghostrid/app.ghostriderrr.xyz/application/vendor/laravel/framework/src/Illuminate/Container/BoundMethod.php(36): App\\Providers\\ConfigSystemServiceProvider->boot()
#13 /home/ghostrid/app.ghostriderrr.xyz/application/vendor/laravel/framework/src/Illuminate/Container/Util.php(40): Illuminate\\Container\\BoundMethod::Illuminate\\Container\\{closure}()
#14 /home/ghostrid/app.ghostriderrr.xyz/application/vendor/laravel/framework/src/Illuminate/Container/BoundMethod.php(93): Illuminate\\Container\\Util::unwrapIfClosure(Object(Closure))
#15 /home/ghostrid/app.ghostriderrr.xyz/application/vendor/laravel/framework/src/Illuminate/Container/BoundMethod.php(37): Illuminate\\Container\\BoundMethod::callBoundMethod(Object(Illuminate\\Foundation\\Application), Array, Object(Closure))
#16 /home/ghostrid/app.ghostriderrr.xyz/application/vendor/laravel/framework/src/Illuminate/Container/Container.php(653): Illuminate\\Container\\BoundMethod::call(Object(Illuminate\\Foundation\\Application), Array, Array, NULL)
#17 /home/ghostrid/app.ghostriderrr.xyz/application/vendor/laravel/framework/src/Illuminate/Foundation/Application.php(924): Illuminate\\Container\\Container->call(Array)
#18 /home/ghostrid/app.ghostriderrr.xyz/application/vendor/laravel/framework/src/Illuminate/Foundation/Application.php(905): Illuminate\\Foundation\\Application->bootProvider(Object(App\\Providers\\ConfigSystemServiceProvider))
#19 [internal function]: Illuminate\\Foundation\\Application->Illuminate\\Foundation\\{closure}(Object(App\\Providers\\ConfigSystemServiceProvider), 32)
#20 /home/ghostrid/app.ghostriderrr.xyz/application/vendor/laravel/framework/src/Illuminate/Foundation/Application.php(906): array_walk(Array, Object(Closure))
#21 /home/ghostrid/app.ghostriderrr.xyz/application/vendor/laravel/framework/src/Illuminate/Foundation/Bootstrap/BootProviders.php(17): Illuminate\\Foundation\\Application->boot()
#22 /home/ghostrid/app.ghostriderrr.xyz/application/vendor/laravel/framework/src/Illuminate/Foundation/Application.php(237): Illuminate\\Foundation\\Bootstrap\\BootProviders->bootstrap(Object(Illuminate\\Foundation\\Application))
#23 /home/ghostrid/app.ghostriderrr.xyz/application/vendor/laravel/framework/src/Illuminate/Foundation/Http/Kernel.php(153): Illuminate\\Foundation\\Application->bootstrapWith(Array)
#24 /home/ghostrid/app.ghostriderrr.xyz/application/vendor/laravel/framework/src/Illuminate/Foundation/Http/Kernel.php(137): Illuminate\\Foundation\\Http\\Kernel->bootstrap()
#25 /home/ghostrid/app.ghostriderrr.xyz/application/vendor/laravel/framework/src/Illuminate/Foundation/Http/Kernel.php(111): Illuminate\\Foundation\\Http\\Kernel->sendRequestThroughRouter(Object(Illuminate\\Http\\Request))
#26 /home/ghostrid/app.ghostriderrr.xyz/index.php(92): Illuminate\\Foundation\\Http\\Kernel->handle(Object(Illuminate\\Http\\Request))
#27 {main}
"} 
[2023-01-25 09:54:30] local.ERROR: SQLSTATE[42S02]: Base table or view not found: 1146 Table 'ghostrid_eclass.settings2' doesn't exist (SQL: select * from `settings` left join `settings2` on `settings2`.`settings2_id` = `settings`.`settings_id` where `settings_id` = 1 limit 1) {"exception":"[object] (Illuminate\\Database\\QueryException(code: 42S02): SQLSTATE[42S02]: Base table or view not found: 1146 Table 'ghostrid_eclass.settings2' doesn't exist (SQL: select * from `settings` left join `settings2` on `settings2`.`settings2_id` = `settings`.`settings_id` where `settings_id` = 1 limit 1) at /home/ghostrid/app.ghostriderrr.xyz/application/vendor/laravel/framework/src/Illuminate/Database/Connection.php:712)
[stacktrace]
#0 /home/ghostrid/app.ghostriderrr.xyz/application/vendor/laravel/framework/src/Illuminate/Database/Connection.php(672): Illuminate\\Database\\Connection->runQueryCallback('select * from `...', Array, Object(Closure))
#1 /home/ghostrid/app.ghostriderrr.xyz/application/vendor/laravel/framework/src/Illuminate/Database/Connection.php(376): Illuminate\\Database\\Connection->run('select * from `...', Array, Object(Closure))
#2 /home/ghostrid/app.ghostriderrr.xyz/application/vendor/laravel/framework/src/Illuminate/Database/Query/Builder.php(2414): Illuminate\\Database\\Connection->select('select * from `...', Array, true)
#3 /home/ghostrid/app.ghostriderrr.xyz/application/vendor/laravel/framework/src/Illuminate/Database/Query/Builder.php(2402): Illuminate\\Database\\Query\\Builder->runSelect()
#4 /home/ghostrid/app.ghostriderrr.xyz/application/vendor/laravel/framework/src/Illuminate/Database/Query/Builder.php(2936): Illuminate\\Database\\Query\\Builder->Illuminate\\Database\\Query\\{closure}()
#5 /home/ghostrid/app.ghostriderrr.xyz/application/vendor/laravel/framework/src/Illuminate/Database/Query/Builder.php(2403): Illuminate\\Database\\Query\\Builder->onceWithColumns(Array, Object(Closure))
#6 /home/ghostrid/app.ghostriderrr.xyz/application/vendor/laravel/framework/src/Illuminate/Database/Eloquent/Builder.php(625): Illuminate\\Database\\Query\\Builder->get(Array)
#7 /home/ghostrid/app.ghostriderrr.xyz/application/vendor/laravel/framework/src/Illuminate/Database/Eloquent/Builder.php(609): Illuminate\\Database\\Eloquent\\Builder->getModels(Array)
#8 /home/ghostrid/app.ghostriderrr.xyz/application/vendor/laravel/framework/src/Illuminate/Database/Concerns/BuildsQueries.php(294): Illuminate\\Database\\Eloquent\\Builder->get(Array)
#9 /home/ghostrid/app.ghostriderrr.xyz/application/app/Providers/ConfigSystemServiceProvider.php(30): Illuminate\\Database\\Eloquent\\Builder->first()
#10 /home/ghostrid/app.ghostriderrr.xyz/application/vendor/laravel/framework/src/Illuminate/Container/BoundMethod.php(36): App\\Providers\\ConfigSystemServiceProvider->boot()
#11 /home/ghostrid/app.ghostriderrr.xyz/application/vendor/laravel/framework/src/Illuminate/Container/Util.php(40): Illuminate\\Container\\BoundMethod::Illuminate\\Container\\{closure}()
#12 /home/ghostrid/app.ghostriderrr.xyz/application/vendor/laravel/framework/src/Illuminate/Container/BoundMethod.php(93): Illuminate\\Container\\Util::unwrapIfClosure(Object(Closure))
#13 /home/ghostrid/app.ghostriderrr.xyz/application/vendor/laravel/framework/src/Illuminate/Container/BoundMethod.php(37): Illuminate\\Container\\BoundMethod::callBoundMethod(Object(Illuminate\\Foundation\\Application), Array, Object(Closure))
#14 /home/ghostrid/app.ghostriderrr.xyz/application/vendor/laravel/framework/src/Illuminate/Container/Container.php(653): Illuminate\\Container\\BoundMethod::call(Object(Illuminate\\Foundation\\Application), Array, Array, NULL)
#15 /home/ghostrid/app.ghostriderrr.xyz/application/vendor/laravel/framework/src/Illuminate/Foundation/Application.php(924): Illuminate\\Container\\Container->call(Array)
#16 /home/ghostrid/app.ghostriderrr.xyz/application/vendor/laravel/framework/src/Illuminate/Foundation/Application.php(905): Illuminate\\Foundation\\Application->bootProvider(Object(App\\Providers\\ConfigSystemServiceProvider))
#17 [internal function]: Illuminate\\Foundation\\Application->Illuminate\\Foundation\\{closure}(Object(App\\Providers\\ConfigSystemServiceProvider), 32)
#18 /home/ghostrid/app.ghostriderrr.xyz/application/vendor/laravel/framework/src/Illuminate/Foundation/Application.php(906): array_walk(Array, Object(Closure))
#19 /home/ghostrid/app.ghostriderrr.xyz/application/vendor/laravel/framework/src/Illuminate/Foundation/Bootstrap/BootProviders.php(17): Illuminate\\Foundation\\Application->boot()
#20 /home/ghostrid/app.ghostriderrr.xyz/application/vendor/laravel/framework/src/Illuminate/Foundation/Application.php(237): Illuminate\\Foundation\\Bootstrap\\BootProviders->bootstrap(Object(Illuminate\\Foundation\\Application))
#21 /home/ghostrid/app.ghostriderrr.xyz/application/vendor/laravel/framework/src/Illuminate/Foundation/Http/Kernel.php(153): Illuminate\\Foundation\\Application->bootstrapWith(Array)
#22 /home/ghostrid/app.ghostriderrr.xyz/application/vendor/laravel/framework/src/Illuminate/Foundation/Http/Kernel.php(137): Illuminate\\Foundation\\Http\\Kernel->bootstrap()
#23 /home/ghostrid/app.ghostriderrr.xyz/application/vendor/laravel/framework/src/Illuminate/Foundation/Http/Kernel.php(111): Illuminate\\Foundation\\Http\\Kernel->sendRequestThroughRouter(Object(Illuminate\\Http\\Request))
#24 /home/ghostrid/app.ghostriderrr.xyz/index.php(92): Illuminate\\Foundation\\Http\\Kernel->handle(Object(Illuminate\\Http\\Request))
#25 {main}

[previous exception] [object] (PDOException(code: 42S02): SQLSTATE[42S02]: Base table or view not found: 1146 Table 'ghostrid_eclass.settings2' doesn't exist at /home/ghostrid/app.ghostriderrr.xyz/application/vendor/laravel/framework/src/Illuminate/Database/Connection.php:368)
[stacktrace]
#0 /home/ghostrid/app.ghostriderrr.xyz/application/vendor/laravel/framework/src/Illuminate/Database/Connection.php(368): PDO->prepare('select * from `...')
#1 /home/ghostrid/app.ghostriderrr.xyz/application/vendor/laravel/framework/src/Illuminate/Database/Connection.php(705): Illuminate\\Database\\Connection->Illuminate\\Database\\{closure}('select * from `...', Array)
#2 /home/ghostrid/app.ghostriderrr.xyz/application/vendor/laravel/framework/src/Illuminate/Database/Connection.php(672): Illuminate\\Database\\Connection->runQueryCallback('select * from `...', Array, Object(Closure))
#3 /home/ghostrid/app.ghostriderrr.xyz/application/vendor/laravel/framework/src/Illuminate/Database/Connection.php(376): Illuminate\\Database\\Connection->run('select * from `...', Array, Object(Closure))
#4 /home/ghostrid/app.ghostriderrr.xyz/application/vendor/laravel/framework/src/Illuminate/Database/Query/Builder.php(2414): Illuminate\\Database\\Connection->select('select * from `...', Array, true)
#5 /home/ghostrid/app.ghostriderrr.xyz/application/vendor/laravel/framework/src/Illuminate/Database/Query/Builder.php(2402): Illuminate\\Database\\Query\\Builder->runSelect()
#6 /home/ghostrid/app.ghostriderrr.xyz/application/vendor/laravel/framework/src/Illuminate/Database/Query/Builder.php(2936): Illuminate\\Database\\Query\\Builder->Illuminate\\Database\\Query\\{closure}()
#7 /home/ghostrid/app.ghostriderrr.xyz/application/vendor/laravel/framework/src/Illuminate/Database/Query/Builder.php(2403): Illuminate\\Database\\Query\\Builder->onceWithColumns(Array, Object(Closure))
#8 /home/ghostrid/app.ghostriderrr.xyz/application/vendor/laravel/framework/src/Illuminate/Database/Eloquent/Builder.php(625): Illuminate\\Database\\Query\\Builder->get(Array)
#9 /home/ghostrid/app.ghostriderrr.xyz/application/vendor/laravel/framework/src/Illuminate/Database/Eloquent/Builder.php(609): Illuminate\\Database\\Eloquent\\Builder->getModels(Array)
#10 /home/ghostrid/app.ghostriderrr.xyz/application/vendor/laravel/framework/src/Illuminate/Database/Concerns/BuildsQueries.php(294): Illuminate\\Database\\Eloquent\\Builder->get(Array)
#11 /home/ghostrid/app.ghostriderrr.xyz/application/app/Providers/ConfigSystemServiceProvider.php(30): Illuminate\\Database\\Eloquent\\Builder->first()
#12 /home/ghostrid/app.ghostriderrr.xyz/application/vendor/laravel/framework/src/Illuminate/Container/BoundMethod.php(36): App\\Providers\\ConfigSystemServiceProvider->boot()
#13 /home/ghostrid/app.ghostriderrr.xyz/application/vendor/laravel/framework/src/Illuminate/Container/Util.php(40): Illuminate\\Container\\BoundMethod::Illuminate\\Container\\{closure}()
#14 /home/ghostrid/app.ghostriderrr.xyz/application/vendor/laravel/framework/src/Illuminate/Container/BoundMethod.php(93): Illuminate\\Container\\Util::unwrapIfClosure(Object(Closure))
#15 /home/ghostrid/app.ghostriderrr.xyz/application/vendor/laravel/framework/src/Illuminate/Container/BoundMethod.php(37): Illuminate\\Container\\BoundMethod::callBoundMethod(Object(Illuminate\\Foundation\\Application), Array, Object(Closure))
#16 /home/ghostrid/app.ghostriderrr.xyz/application/vendor/laravel/framework/src/Illuminate/Container/Container.php(653): Illuminate\\Container\\BoundMethod::call(Object(Illuminate\\Foundation\\Application), Array, Array, NULL)
#17 /home/ghostrid/app.ghostriderrr.xyz/application/vendor/laravel/framework/src/Illuminate/Foundation/Application.php(924): Illuminate\\Container\\Container->call(Array)
#18 /home/ghostrid/app.ghostriderrr.xyz/application/vendor/laravel/framework/src/Illuminate/Foundation/Application.php(905): Illuminate\\Foundation\\Application->bootProvider(Object(App\\Providers\\ConfigSystemServiceProvider))
#19 [internal function]: Illuminate\\Foundation\\Application->Illuminate\\Foundation\\{closure}(Object(App\\Providers\\ConfigSystemServiceProvider), 32)
#20 /home/ghostrid/app.ghostriderrr.xyz/application/vendor/laravel/framework/src/Illuminate/Foundation/Application.php(906): array_walk(Array, Object(Closure))
#21 /home/ghostrid/app.ghostriderrr.xyz/application/vendor/laravel/framework/src/Illuminate/Foundation/Bootstrap/BootProviders.php(17): Illuminate\\Foundation\\Application->boot()
#22 /home/ghostrid/app.ghostriderrr.xyz/application/vendor/laravel/framework/src/Illuminate/Foundation/Application.php(237): Illuminate\\Foundation\\Bootstrap\\BootProviders->bootstrap(Object(Illuminate\\Foundation\\Application))
#23 /home/ghostrid/app.ghostriderrr.xyz/application/vendor/laravel/framework/src/Illuminate/Foundation/Http/Kernel.php(153): Illuminate\\Foundation\\Application->bootstrapWith(Array)
#24 /home/ghostrid/app.ghostriderrr.xyz/application/vendor/laravel/framework/src/Illuminate/Foundation/Http/Kernel.php(137): Illuminate\\Foundation\\Http\\Kernel->bootstrap()
#25 /home/ghostrid/app.ghostriderrr.xyz/application/vendor/laravel/framework/src/Illuminate/Foundation/Http/Kernel.php(111): Illuminate\\Foundation\\Http\\Kernel->sendRequestThroughRouter(Object(Illuminate\\Http\\Request))
#26 /home/ghostrid/app.ghostriderrr.xyz/index.php(92): Illuminate\\Foundation\\Http\\Kernel->handle(Object(Illuminate\\Http\\Request))
#27 {main}
"} 
